{"ts":"2026-06-11T15:06:30.346Z","actor":"frontend","action":"folder_added","folder":"previous-briefs","hint":null}
{"ts":"2026-06-11T15:06:41.482Z","actor":"frontend","action":"folder_added","folder":"notion-database","hint":null}
{"ts":"2026-06-11T15:07:02.216Z","actor":"frontend","action":"folder_renamed","oldName":"notion-database","newName":"story-notion-database","filesMoved":0}
{"ts":"2026-06-11T15:07:37.667Z","actor":"frontend","action":"folder_added","folder":"patrick-workflow-setup","hint":null}
{"ts":"2026-06-11T15:07:53.346Z","actor":"frontend","action":"file_added","fileId":"44581b2b-5e12-49e4-8481-b7d1e2b54f6a","path":"repository/patrick-workflow-setup/Keel3_Brief_Methodology_1.docx","shaBefore":"48dc8ca019eb0fb1aa2b548c1d02bb9001aea9f5"}
{"ts":"2026-06-11T15:08:09.111Z","actor":"frontend","action":"file_added","fileId":"1aa89de9-a088-4297-a458-dcdb538c98a3","path":"repository/patrick-workflow-setup/Keel3_Brief_Methodology_1_2026-06-11_080808.docx","shaBefore":"b1e936d06f62b7625e3a0df859d8af8cfbd38a1e"}
{"ts":"2026-06-11T15:08:25.771Z","actor":"frontend","action":"file_archived","fileId":"1aa89de9-a088-4297-a458-dcdb538c98a3","path":"repository/patrick-workflow-setup/Keel3_Brief_Methodology_1_2026-06-11_080808.docx","reason":null}
{"ts":"2026-06-11T15:09:09.923Z","actor":"frontend","action":"file_added","fileId":"90fd79df-a340-48de-877a-f3c24cf966d2","path":"repository/patrick-workflow-setup/skill.md","shaBefore":"e76170eda10bfd87c72f99ce7e33d444c562e7db"}
{"ts":"2026-06-11T15:09:32.531Z","actor":"frontend","action":"file_added","fileId":"7c544b74-4740-4023-a9bd-95dae6135360","path":"repository/patrick-workflow-setup/references_branch.md","shaBefore":"dad003bc419ce1db1aef9e886ef96796319b2297"}
{"ts":"2026-06-11T15:09:53.796Z","actor":"frontend","action":"file_added","fileId":"a4ea9988-1eb4-4b6a-a6ad-96b3d85b5a8c","path":"repository/patrick-workflow-setup/references_methodology.md","shaBefore":"9a4e47034d95a7739b0cf5e05bb348fec61ebb1b"}
{"ts":"2026-06-11T15:10:10.441Z","actor":"frontend","action":"file_renamed","fileId":"7c544b74-4740-4023-a9bd-95dae6135360","oldPath":"repository/patrick-workflow-setup/references_branch.md","newPath":"repository/patrick-workflow-setup/references_brand.md"}
{"ts":"2026-06-11T15:10:26.036Z","actor":"frontend","action":"file_added","fileId":"f8452bc7-420d-4d22-a0f6-d268672adea7","path":"repository/patrick-workflow-setup/Keel3_Full_System_Rebuild_Guide.txt","shaBefore":"f8a489f4d2fb3410402e30167b5b548489c300ee"}
{"ts":"2026-06-11T15:10:31.161Z","actor":"frontend","action":"file_added","fileId":"4fad42e4-3744-4724-8988-2400ef499bee","path":"repository/patrick-workflow-setup/Keel3_Weekly_Assembly_Runbook.txt","shaBefore":"5b642be59ab93439959df2d066691988256eba35"}
{"ts":"2026-06-11T15:11:14.554Z","actor":"frontend","action":"file_added","fileId":"af5851f1-5f47-4582-89ae-c545962cd6d1","path":"repository/previous-briefs/Keel3_AI_Brief_Incserv_W23_2026.pdf","shaBefore":"3875a8ebe60b5a8cf066f1a4a336659152221fce"}
{"ts":"2026-06-11T15:11:20.410Z","actor":"frontend","action":"file_added","fileId":"2f1fa174-2892-45ed-8dd5-527ade23d99f","path":"repository/previous-briefs/Keel3_AI_Brief_ChristianaCare_W23_2026.pdf","shaBefore":"4f0c95dad8ed8c85c8436919d936229a3ee102a9"}
{"ts":"2026-06-11T15:11:33.078Z","actor":"frontend","action":"link_added","linkId":"4bb9a77b-a139-4fd0-bb51-e246c0b80793","url":"https://www.notion.so/33bf7118384a8256a86c01c08c40b991?v=5a2f7118384a83b2aad408f3065f74ca&source=copy_link","folder":"story-notion-database"}
{"ts":"2026-06-11T16:45:45.132Z","actor":"frontend","action":"file_added","fileId":"1900fda1-12e7-424d-89b5-45cbabe00abe","path":"shadows/daily-brief-gather/run.json","shaBefore":"d7ff088028c4e211835e1972465ec14eeff4d9f4"}
{"ts":"2026-06-11T16:46:46.455Z","actor":"frontend","action":"file_added","fileId":"68473ce5-1ca7-4586-be58-66c90eab92c4","path":"shadows/friday-brief-assembly/run.json","shaBefore":"d60f38b95ddedb2fd9d3c9e178fd236611aed274"}
{"ts":"2026-06-11T16:48:37.410Z","actor":"plugin","action":"file_added","fileId":"bd0da232-7eeb-43d1-ab9e-2ebc9fb63470","path":"repository/patrick-workflow-setup/Shadow_Workflow_Reference.md","shaBefore":"20f920b9e4c555ab418864f9fe4733580c32a033"}
{"ts":"2026-06-11T16:53:33.887Z","actor":"frontend","action":"file_updated","fileId":"1900fda1-12e7-424d-89b5-45cbabe00abe","path":"shadows/daily-brief-gather/run.json","shaBefore":"be982f0a8d9e0e7316acc2da58ef2e25875cb091"}
{"ts":"2026-06-11T16:56:38.337Z","actor":"frontend","action":"file_updated","fileId":"68473ce5-1ca7-4586-be58-66c90eab92c4","path":"shadows/friday-brief-assembly/run.json","shaBefore":"37b45a08911b904096d0066522553bbfc4731714"}
